<?xml version="1.0" encoding="UTF-8"?>
<!-- Generated by org.testng.reporters.JUnitXMLReporter -->
<testsuite ignored="0" hostname="REZA" failures="0" tests="4" name="API Integration Tests" time="1.455" errors="0" timestamp="2026-06-28T02:17:44 EDT">
  <testcase classname="tests.ApiIntegratedTests" name="api_GetUserReturnsStatus200" time="0.774"/>
  <testcase classname="tests.ApiIntegratedTests" name="api_UserResponseContainsExpectedFields" time="0.5"/>
  <testcase classname="tests.ApiIntegratedTests" name="api_SimulatedUiToApiDataConsistencyCheck" time="0.057"/>
  <testcase classname="tests.ApiIntegratedTests" name="api_NonExistentResourceReturns404" time="0.12"/>
</testsuite> <!-- API Integration Tests -->
