<?xml version="1.0" encoding="UTF-8"?>
<!-- Generated by org.testng.reporters.JUnitXMLReporter -->
<testsuite ignored="0" hostname="REZA" failures="0" tests="25" name="Combined Core + Advanced Tests" time="104.111" errors="0" timestamp="2026-06-28T02:16:02 EDT">
  <testcase classname="tests.CombinedApiDemosTests" name="testAppLaunchesWithCorrectPackage" time="0.071"/>
  <testcase classname="tests.CombinedApiDemosTests" name="testMainScreenExactMenuItemCount" time="0.021"/>
  <testcase classname="tests.CombinedApiDemosTests" name="testAllMenuItemsHaveNonEmptyText" time="0.488"/>
  <testcase classname="tests.CombinedApiDemosTests" name="testBackNavigationReturnsToMainScreen" time="2.503"/>
  <testcase classname="tests.CombinedApiDemosTests" name="testNavigateMultipleScreensDataDriven" time="3.282"/>
  <testcase classname="tests.CombinedApiDemosTests" name="testNavigateMultipleScreensDataDriven" time="3.35"/>
  <testcase classname="tests.CombinedApiDemosTests" name="testNavigateMultipleScreensDataDriven" time="3.261"/>
  <testcase classname="tests.CombinedApiDemosTests" name="testNavigateMultipleScreensDataDriven" time="3.88"/>
  <testcase classname="tests.CombinedApiDemosTests" name="testNavigateMultipleScreensDataDriven" time="3.952"/>
  <testcase classname="tests.CombinedApiDemosTests" name="testClickingInvalidMenuItemThrowsException" time="0.055"/>
  <testcase classname="tests.CombinedApiDemosTests" name="testScrollToFindViewsMenuItem" time="3.068"/>
  <testcase classname="tests.CombinedApiDemosTests" name="testAppBackgroundAndForegroundResumesCorrectly" time="4.835"/>
  <testcase classname="tests.CombinedApiDemosTests" name="testSoftAssertionAcrossMultipleMenuItems" time="0.061"/>
  <testcase classname="tests.CombinedApiDemosTests" name="testCurrentPackageMatchesExpected" time="0.064"/>
  <testcase classname="tests.CombinedApiDemosTests" name="testExplicitWaitForMenuItemVisibility" time="0.084"/>
  <testcase classname="tests.CombinedApiDemosTests" name="testCustomRetryMechanismFindsElementReliably" time="0.229"/>
  <testcase classname="tests.CombinedApiDemosTests" name="testTextInputFieldAcceptsAndRetainsValue" time="6.651">
    <skipped/>
  </testcase> <!-- testTextInputFieldAcceptsAndRetainsValue -->
  <testcase classname="tests.CombinedApiDemosTests" name="testKeyboardShowsAndHidesOnTextField" time="6.125">
    <skipped/>
  </testcase> <!-- testKeyboardShowsAndHidesOnTextField -->
  <testcase classname="tests.CombinedApiDemosTests" name="testDeviceOrientationChangeKeepsAppFunctional" time="3.351"/>
  <testcase classname="tests.CombinedApiDemosTests" name="testDeviceTimeIsAccessible" time="0.071"/>
  <testcase classname="tests.CombinedApiDemosTests" name="testAppResetReturnsToCleanState" time="5.097"/>
  <testcase classname="tests.CombinedApiDemosTests" name="testAppRetainsSubScreenStateAfterBackgrounding" time="7.193"/>
  <testcase classname="tests.CombinedApiDemosTests" name="testMenuItemBoundingBoxWithinScreenBounds" time="0.026"/>
  <testcase classname="tests.CombinedApiDemosTests" name="testSessionRemainsStableAcrossRapidNavigation" time="11.64"/>
  <testcase classname="tests.CombinedApiDemosTests" name="testAppLaunchPerformanceWithinThreshold" time="1.826"/>
</testsuite> <!-- Combined Core + Advanced Tests -->
