<?xml version="1.0" encoding="UTF-8"?>
<!-- Generated by org.testng.reporters.JUnitXMLReporter -->
<testsuite ignored="0" hostname="REZA" failures="0" tests="16" name="Enterprise Test Categories" time="57.203" errors="0" timestamp="2026-06-28T02:16:59 EDT">
  <testcase classname="tests.EnterpriseTestSuite" name="smoke_AppLaunchesAndMainScreenLoads" time="0.013"/>
  <testcase classname="tests.EnterpriseTestSuite" name="smoke_BasicNavigationWorks" time="4.805"/>
  <testcase classname="tests.EnterpriseTestSuite" name="lifecycle_AppKillAndRelaunchRecoversCleanly" time="2.867"/>
  <testcase classname="tests.EnterpriseTestSuite" name="lifecycle_RotationDoesNotCrashApp" time="3.286"/>
  <testcase classname="tests.EnterpriseTestSuite" name="navigation_MultiStepBackButtonNavigatesCorrectly" time="3.902"/>
  <testcase classname="tests.EnterpriseTestSuite" name="navigation_RapidMenuSwitchingDoesNotBreakApp" time="8.369"/>
  <testcase classname="tests.EnterpriseTestSuite" name="device_ScreenDimensionsAreValid" time="0.007"/>
  <testcase classname="tests.EnterpriseTestSuite" name="device_PlatformVersionIsAccessible" time="0.0"/>
  <testcase classname="tests.EnterpriseTestSuite" name="permissions_GrantFlowDoesNotThrowWhenNoDialogPresent" time="0.047"/>
  <testcase classname="tests.EnterpriseTestSuite" name="negative_EmptyInputDoesNotCrashApp" time="17.91">
    <skipped/>
  </testcase> <!-- negative_EmptyInputDoesNotCrashApp -->
  <testcase classname="tests.EnterpriseTestSuite" name="negative_InvalidElementInteractionThrowsGracefulException" time="0.047"/>
  <testcase classname="tests.EnterpriseTestSuite" name="performance_ScrollResponseTimeWithinThreshold" time="3.182"/>
  <testcase classname="tests.EnterpriseTestSuite" name="performance_ElementWaitTimeWithinThreshold" time="0.08"/>
  <testcase classname="tests.EnterpriseTestSuite" name="security_AppStateClearsAfterTermination" time="4.975"/>
  <testcase classname="tests.EnterpriseTestSuite" name="accessibility_MenuItemsHaveAccessibilityLabels" time="0.218"/>
  <testcase classname="tests.EnterpriseTestSuite" name="accessibility_TapTargetsAreReasonablySized" time="0.02"/>
</testsuite> <!-- Enterprise Test Categories -->
