<?xml version="1.0" encoding="UTF-8"?>
<!-- Generated by org.testng.reporters.JUnitXMLReporter -->
<testsuite ignored="0" hostname="REZA" failures="0" tests="5" name="Install Lifecycle Tests" time="12.353" errors="0" timestamp="2026-06-28T02:14:18 EDT">
  <testcase classname="tests.InstallLifecycleTests" name="install_FreshInstallSucceeds" time="1.16"/>
  <testcase classname="tests.InstallLifecycleTests" name="install_FreshlyInstalledAppLaunchesSuccessfully" time="2.413"/>
  <testcase classname="tests.InstallLifecycleTests" name="install_ReinstallOverExistingAppSucceeds" time="0.601"/>
  <testcase classname="tests.InstallLifecycleTests" name="uninstall_AppRemovesSuccessfully" time="0.85"/>
  <testcase classname="tests.InstallLifecycleTests" name="install_ReinstallAfterUninstallSucceeds" time="0.847"/>
</testsuite> <!-- Install Lifecycle Tests -->
