<?xml version="1.0" encoding="UTF-8"?>
<!-- Generated by org.testng.reporters.JUnitXMLReporter -->
<testsuite ignored="0" hostname="REZA" failures="0" tests="4" name="Interrupt Simulation Tests" time="17.078" errors="0" timestamp="2026-06-28T02:17:17 EDT">
  <testcase classname="tests.InterruptSimulationTests" name="interrupt_IncomingCallDoesNotCrashApp" time="3.996"/>
  <testcase classname="tests.InterruptSimulationTests" name="interrupt_IncomingSmsDoesNotCrashApp" time="2.379"/>
  <testcase classname="tests.InterruptSimulationTests" name="interrupt_NetworkLossDoesNotCrashApp" time="3.032"/>
  <testcase classname="tests.InterruptSimulationTests" name="interrupt_LowBatterySimulationDoesNotAffectApp" time="1.54"/>
</testsuite> <!-- Interrupt Simulation Tests -->
