<?xml version="1.0" encoding="UTF-8"?>
<!-- Generated by org.testng.reporters.JUnitXMLReporter -->
<testsuite ignored="0" hostname="REZA" failures="0" tests="4" name="Missing Coverage Tests (Deep Link, Notification, Network)" time="26.006" errors="0" timestamp="2026-06-28T02:17:43 EDT">
  <testcase classname="tests.MissingCoverageTests" name="navigation_DeepLinkOpensCorrectScreen" time="4.016"/>
  <testcase classname="tests.MissingCoverageTests" name="notification_AppGeneratedNotificationAppearsInTray" time="10.796"/>
  <testcase classname="tests.MissingCoverageTests" name="network_SlowNetworkDoesNotCrashApp" time="2.039"/>
  <testcase classname="tests.MissingCoverageTests" name="network_AppRecoversAfterNetworkDropAndRetry" time="3.005"/>
</testsuite> <!-- Missing Coverage Tests (Deep Link, Notification, Network) -->
