<?xml version="1.0" encoding="UTF-8"?>
<!-- Generated by org.testng.reporters.JUnitReportReporter -->
<testsuite hostname="REZA" failures="0" tests="5" name="tests.InstallLifecycleTests" time="5.978" errors="0" timestamp="2026-06-28T02:17:45 EDT" skipped="0">
  <testcase classname="tests.InstallLifecycleTests" name="install_FreshInstallSucceeds" time="1.160"/>
  <testcase classname="tests.InstallLifecycleTests" name="install_FreshlyInstalledAppLaunchesSuccessfully" time="2.413"/>
  <testcase classname="tests.InstallLifecycleTests" name="install_ReinstallOverExistingAppSucceeds" time="0.602"/>
  <testcase classname="tests.InstallLifecycleTests" name="uninstall_AppRemovesSuccessfully" time="0.956"/>
  <testcase classname="tests.InstallLifecycleTests" name="install_ReinstallAfterUninstallSucceeds" time="0.847"/>
</testsuite> <!-- tests.InstallLifecycleTests -->
