<?xml version="1.0" encoding="UTF-8"?>
<!-- Generated by org.testng.reporters.JUnitReportReporter -->
<testsuite hostname="REZA" failures="0" tests="16" name="tests.EnterpriseTestSuite" time="51.223" errors="0" timestamp="2026-06-28T02:17:45 EDT" skipped="1">
  <testcase classname="tests.EnterpriseTestSuite" name="smoke_AppLaunchesAndMainScreenLoads" time="0.039"/>
  <testcase classname="tests.EnterpriseTestSuite" name="smoke_BasicNavigationWorks" time="4.830"/>
  <testcase classname="tests.EnterpriseTestSuite" name="lifecycle_AppKillAndRelaunchRecoversCleanly" time="2.948"/>
  <testcase classname="tests.EnterpriseTestSuite" name="lifecycle_RotationDoesNotCrashApp" time="3.319"/>
  <testcase classname="tests.EnterpriseTestSuite" name="navigation_MultiStepBackButtonNavigatesCorrectly" time="3.926"/>
  <testcase classname="tests.EnterpriseTestSuite" name="navigation_RapidMenuSwitchingDoesNotBreakApp" time="8.396"/>
  <testcase classname="tests.EnterpriseTestSuite" name="device_ScreenDimensionsAreValid" time="0.037"/>
  <testcase classname="tests.EnterpriseTestSuite" name="device_PlatformVersionIsAccessible" time="0.024"/>
  <testcase classname="tests.EnterpriseTestSuite" name="permissions_GrantFlowDoesNotThrowWhenNoDialogPresent" time="0.101"/>
  <testcase classname="tests.EnterpriseTestSuite" name="negative_EmptyInputDoesNotCrashApp" time="17.979">
    <skipped/>
  </testcase> <!-- negative_EmptyInputDoesNotCrashApp -->
  <testcase classname="tests.EnterpriseTestSuite" name="negative_InvalidElementInteractionThrowsGracefulException" time="0.096"/>
  <testcase classname="tests.EnterpriseTestSuite" name="performance_ScrollResponseTimeWithinThreshold" time="4.088"/>
  <testcase classname="tests.EnterpriseTestSuite" name="performance_ElementWaitTimeWithinThreshold" time="0.110"/>
  <testcase classname="tests.EnterpriseTestSuite" name="security_AppStateClearsAfterTermination" time="4.997"/>
  <testcase classname="tests.EnterpriseTestSuite" name="accessibility_MenuItemsHaveAccessibilityLabels" time="0.244"/>
  <testcase classname="tests.EnterpriseTestSuite" name="accessibility_TapTargetsAreReasonablySized" time="0.089"/>
</testsuite> <!-- tests.EnterpriseTestSuite -->
