<?xml version="1.0" encoding="UTF-8"?>
<!-- Generated by org.testng.reporters.JUnitReportReporter -->
<testsuite hostname="REZA" failures="0" tests="25" name="tests.CombinedApiDemosTests" time="96.288" errors="0" timestamp="2026-06-28T02:17:45 EDT" skipped="2">
  <testcase classname="tests.CombinedApiDemosTests" name="testAppLaunchesWithCorrectPackage" time="0.104"/>
  <testcase classname="tests.CombinedApiDemosTests" name="testMainScreenExactMenuItemCount" time="0.046"/>
  <testcase classname="tests.CombinedApiDemosTests" name="testAllMenuItemsHaveNonEmptyText" time="0.530"/>
  <testcase classname="tests.CombinedApiDemosTests" name="testBackNavigationReturnsToMainScreen" time="2.556"/>
  <testcase classname="tests.CombinedApiDemosTests" name="testNavigateMultipleScreensDataDriven" time="3.900"/>
  <testcase classname="tests.CombinedApiDemosTests" name="testNavigateMultipleScreensDataDriven" time="15.250"/>
  <testcase classname="tests.CombinedApiDemosTests" name="testNavigateMultipleScreensDataDriven" time="3.309"/>
  <testcase classname="tests.CombinedApiDemosTests" name="testNavigateMultipleScreensDataDriven" time="3.991"/>
  <testcase classname="tests.CombinedApiDemosTests" name="testNavigateMultipleScreensDataDriven" time="3.339"/>
  <testcase classname="tests.CombinedApiDemosTests" name="testClickingInvalidMenuItemThrowsException" time="0.169"/>
  <testcase classname="tests.CombinedApiDemosTests" name="testScrollToFindViewsMenuItem" time="3.094"/>
  <testcase classname="tests.CombinedApiDemosTests" name="testAppBackgroundAndForegroundResumesCorrectly" time="4.866"/>
  <testcase classname="tests.CombinedApiDemosTests" name="testSoftAssertionAcrossMultipleMenuItems" time="0.139"/>
  <testcase classname="tests.CombinedApiDemosTests" name="testCurrentPackageMatchesExpected" time="0.139"/>
  <testcase classname="tests.CombinedApiDemosTests" name="testExplicitWaitForMenuItemVisibility" time="0.108"/>
  <testcase classname="tests.CombinedApiDemosTests" name="testCustomRetryMechanismFindsElementReliably" time="0.366"/>
  <testcase classname="tests.CombinedApiDemosTests" name="testTextInputFieldAcceptsAndRetainsValue" time="6.869">
    <skipped/>
  </testcase> <!-- testTextInputFieldAcceptsAndRetainsValue -->
  <testcase classname="tests.CombinedApiDemosTests" name="testKeyboardShowsAndHidesOnTextField" time="6.165">
    <skipped/>
  </testcase> <!-- testKeyboardShowsAndHidesOnTextField -->
  <testcase classname="tests.CombinedApiDemosTests" name="testDeviceOrientationChangeKeepsAppFunctional" time="3.375"/>
  <testcase classname="tests.CombinedApiDemosTests" name="testDeviceTimeIsAccessible" time="0.182"/>
  <testcase classname="tests.CombinedApiDemosTests" name="testAppResetReturnsToCleanState" time="16.420"/>
  <testcase classname="tests.CombinedApiDemosTests" name="testAppRetainsSubScreenStateAfterBackgrounding" time="7.279"/>
  <testcase classname="tests.CombinedApiDemosTests" name="testMenuItemBoundingBoxWithinScreenBounds" time="0.066"/>
  <testcase classname="tests.CombinedApiDemosTests" name="testSessionRemainsStableAcrossRapidNavigation" time="12.157"/>
  <testcase classname="tests.CombinedApiDemosTests" name="testAppLaunchPerformanceWithinThreshold" time="1.869"/>
</testsuite> <!-- tests.CombinedApiDemosTests -->
