<?xml version="1.0" encoding="UTF-8"?>
<!-- Generated by org.testng.reporters.JUnitReportReporter -->
<testsuite hostname="REZA" failures="0" tests="4" name="tests.ApiIntegratedTests" time="1.454" errors="0" timestamp="2026-06-28T02:17:45 EDT" skipped="0">
  <testcase classname="tests.ApiIntegratedTests" name="api_GetUserReturnsStatus200" time="0.775"/>
  <testcase classname="tests.ApiIntegratedTests" name="api_UserResponseContainsExpectedFields" time="0.501"/>
  <testcase classname="tests.ApiIntegratedTests" name="api_SimulatedUiToApiDataConsistencyCheck" time="0.057"/>
  <testcase classname="tests.ApiIntegratedTests" name="api_NonExistentResourceReturns404" time="0.121"/>
</testsuite> <!-- tests.ApiIntegratedTests -->
