<?xml version="1.0" encoding="UTF-8"?>
<!-- Generated by org.testng.reporters.JUnitReportReporter -->
<testsuite hostname="REZA" failures="0" tests="4" name="tests.MissingCoverageTests" time="20.010" errors="0" timestamp="2026-06-28T02:17:45 EDT" skipped="0">
  <testcase classname="tests.MissingCoverageTests" name="navigation_DeepLinkOpensCorrectScreen" time="4.052"/>
  <testcase classname="tests.MissingCoverageTests" name="notification_AppGeneratedNotificationAppearsInTray" time="10.825"/>
  <testcase classname="tests.MissingCoverageTests" name="network_SlowNetworkDoesNotCrashApp" time="2.068"/>
  <testcase classname="tests.MissingCoverageTests" name="network_AppRecoversAfterNetworkDropAndRetry" time="3.065"/>
</testsuite> <!-- tests.MissingCoverageTests -->
