<?xml version="1.0" encoding="UTF-8"?>
<!-- Generated by org.testng.reporters.JUnitReportReporter -->
<testsuite hostname="REZA" failures="0" tests="4" name="tests.InterruptSimulationTests" time="11.094" errors="0" timestamp="2026-06-28T02:17:45 EDT" skipped="0">
  <testcase classname="tests.InterruptSimulationTests" name="interrupt_IncomingCallDoesNotCrashApp" time="4.029"/>
  <testcase classname="tests.InterruptSimulationTests" name="interrupt_IncomingSmsDoesNotCrashApp" time="2.409"/>
  <testcase classname="tests.InterruptSimulationTests" name="interrupt_NetworkLossDoesNotCrashApp" time="3.091"/>
  <testcase classname="tests.InterruptSimulationTests" name="interrupt_LowBatterySimulationDoesNotAffectApp" time="1.565"/>
</testsuite> <!-- tests.InterruptSimulationTests -->
